{"C:\\Damian\\02- UP\\LIC\\02- Semestres\\02\\DevOps\\03- Evaluaciones\\DevOps---TPE\\app.js": {"path":"C:\\Damian\\02- UP\\LIC\\02- Semestres\\02\\DevOps\\03- Evaluaciones\\DevOps---TPE\\app.js","statementMap":{"0":{"start":{"line":1,"column":25},"end":{"line":1,"column":43}},"1":{"start":{"line":2,"column":16},"end":{"line":2,"column":34}},"2":{"start":{"line":3,"column":13},"end":{"line":3,"column":28}},"3":{"start":{"line":4,"column":11},"end":{"line":4,"column":24}},"4":{"start":{"line":5,"column":17},"end":{"line":5,"column":42}},"5":{"start":{"line":7,"column":12},"end":{"line":7,"column":21}},"6":{"start":{"line":8,"column":0},"end":{"line":8,"column":24}},"7":{"start":{"line":9,"column":0},"end":{"line":9,"column":56}},"8":{"start":{"line":11,"column":19},"end":{"line":11,"column":85}},"9":{"start":{"line":12,"column":15},"end":{"line":14,"column":71}},"10":{"start":{"line":18,"column":2},"end":{"line":20,"column":74}},"11":{"start":{"line":24,"column":17},"end":{"line":24,"column":38}},"12":{"start":{"line":26,"column":2},"end":{"line":29,"column":3}},"13":{"start":{"line":27,"column":18},"end":{"line":27,"column":38}},"14":{"start":{"line":28,"column":4},"end":{"line":28,"column":72}},"15":{"start":{"line":28,"column":31},"end":{"line":28,"column":72}},"16":{"start":{"line":31,"column":13},"end":{"line":31,"column":33}},"17":{"start":{"line":33,"column":2},"end":{"line":33,"column":34}},"18":{"start":{"line":34,"column":2},"end":{"line":41,"column":5}},"19":{"start":{"line":43,"column":2},"end":{"line":43,"column":12}},"20":{"start":{"line":47,"column":11},"end":{"line":47,"column":35}},"21":{"start":{"line":50,"column":0},"end":{"line":53,"column":3}},"22":{"start":{"line":51,"column":15},"end":{"line":51,"column":66}},"23":{"start":{"line":52,"column":2},"end":{"line":52,"column":17}},"24":{"start":{"line":55,"column":0},"end":{"line":64,"column":3}},"25":{"start":{"line":56,"column":17},"end":{"line":56,"column":39}},"26":{"start":{"line":57,"column":2},"end":{"line":57,"column":61}},"27":{"start":{"line":57,"column":21},"end":{"line":57,"column":61}},"28":{"start":{"line":59,"column":15},"end":{"line":61,"column":3}},"29":{"start":{"line":62,"column":18},"end":{"line":62,"column":90}},"30":{"start":{"line":63,"column":2},"end":{"line":63,"column":32}},"31":{"start":{"line":66,"column":0},"end":{"line":71,"column":3}},"32":{"start":{"line":67,"column":14},"end":{"line":67,"column":79}},"33":{"start":{"line":68,"column":2},"end":{"line":68,"column":73}},"34":{"start":{"line":68,"column":12},"end":{"line":68,"column":73}},"35":{"start":{"line":69,"column":2},"end":{"line":69,"column":66}},"36":{"start":{"line":70,"column":2},"end":{"line":70,"column":16}},"37":{"start":{"line":73,"column":0},"end":{"line":76,"column":3}},"38":{"start":{"line":74,"column":2},"end":{"line":74,"column":40}},"39":{"start":{"line":75,"column":2},"end":{"line":75,"column":25}},"40":{"start":{"line":78,"column":0},"end":{"line":78,"column":50}}},"fnMap":{"0":{"name":"getDbFile","decl":{"start":{"line":17,"column":9},"end":{"line":17,"column":18}},"loc":{"start":{"line":17,"column":39},"end":{"line":21,"column":1}},"line":17},"1":{"name":"initDatabase","decl":{"start":{"line":23,"column":9},"end":{"line":23,"column":21}},"loc":{"start":{"line":23,"column":42},"end":{"line":44,"column":1}},"line":23},"2":{"name":"(anonymous_2)","decl":{"start":{"line":50,"column":18},"end":{"line":50,"column":19}},"loc":{"start":{"line":50,"column":32},"end":{"line":53,"column":1}},"line":50},"3":{"name":"(anonymous_3)","decl":{"start":{"line":55,"column":19},"end":{"line":55,"column":20}},"loc":{"start":{"line":55,"column":33},"end":{"line":64,"column":1}},"line":55},"4":{"name":"(anonymous_4)","decl":{"start":{"line":66,"column":25},"end":{"line":66,"column":26}},"loc":{"start":{"line":66,"column":39},"end":{"line":71,"column":1}},"line":66},"5":{"name":"(anonymous_5)","decl":{"start":{"line":73,"column":21},"end":{"line":73,"column":22}},"loc":{"start":{"line":73,"column":36},"end":{"line":76,"column":1}},"line":73}},"branchMap":{"0":{"loc":{"start":{"line":11,"column":19},"end":{"line":11,"column":85}},"type":"binary-expr","locations":[{"start":{"line":11,"column":19},"end":{"line":11,"column":50}},{"start":{"line":11,"column":54},"end":{"line":11,"column":85}}],"line":11},"1":{"loc":{"start":{"line":12,"column":15},"end":{"line":14,"column":71}},"type":"cond-expr","locations":[{"start":{"line":13,"column":4},"end":{"line":13,"column":14}},{"start":{"line":14,"column":5},"end":{"line":14,"column":70}}],"line":12},"2":{"loc":{"start":{"line":14,"column":5},"end":{"line":14,"column":70}},"type":"binary-expr","locations":[{"start":{"line":14,"column":5},"end":{"line":14,"column":23}},{"start":{"line":14,"column":27},"end":{"line":14,"column":70}}],"line":14},"3":{"loc":{"start":{"line":17,"column":19},"end":{"line":17,"column":37}},"type":"default-arg","locations":[{"start":{"line":17,"column":32},"end":{"line":17,"column":37}}],"line":17},"4":{"loc":{"start":{"line":18,"column":9},"end":{"line":20,"column":73}},"type":"cond-expr","locations":[{"start":{"line":19,"column":6},"end":{"line":19,"column":16}},{"start":{"line":20,"column":7},"end":{"line":20,"column":72}}],"line":18},"5":{"loc":{"start":{"line":20,"column":7},"end":{"line":20,"column":72}},"type":"binary-expr","locations":[{"start":{"line":20,"column":7},"end":{"line":20,"column":25}},{"start":{"line":20,"column":29},"end":{"line":20,"column":72}}],"line":20},"6":{"loc":{"start":{"line":23,"column":22},"end":{"line":23,"column":40}},"type":"default-arg","locations":[{"start":{"line":23,"column":35},"end":{"line":23,"column":40}}],"line":23},"7":{"loc":{"start":{"line":26,"column":2},"end":{"line":29,"column":3}},"type":"if","locations":[{"start":{"line":26,"column":2},"end":{"line":29,"column":3}},{"start":{},"end":{}}],"line":26},"8":{"loc":{"start":{"line":28,"column":4},"end":{"line":28,"column":72}},"type":"if","locations":[{"start":{"line":28,"column":4},"end":{"line":28,"column":72}},{"start":{},"end":{}}],"line":28},"9":{"loc":{"start":{"line":57,"column":2},"end":{"line":57,"column":61}},"type":"if","locations":[{"start":{"line":57,"column":2},"end":{"line":57,"column":61}},{"start":{},"end":{}}],"line":57},"10":{"loc":{"start":{"line":68,"column":2},"end":{"line":68,"column":73}},"type":"if","locations":[{"start":{"line":68,"column":2},"end":{"line":68,"column":73}},{"start":{},"end":{}}],"line":68}},"s":{"0":2,"1":2,"2":2,"3":2,"4":2,"5":2,"6":2,"7":2,"8":2,"9":2,"10":8,"11":7,"12":7,"13":1,"14":1,"15":1,"16":7,"17":7,"18":7,"19":7,"20":2,"21":2,"22":0,"23":0,"24":2,"25":0,"26":0,"27":0,"28":0,"29":0,"30":0,"31":2,"32":0,"33":0,"34":0,"35":0,"36":0,"37":2,"38":0,"39":0,"40":2},"f":{"0":8,"1":7,"2":0,"3":0,"4":0,"5":0},"b":{"0":[2,2],"1":[2,0],"2":[0,0],"3":[0],"4":[6,2],"5":[2,2],"6":[0],"7":[1,6],"8":[1,0],"9":[0,0],"10":[0,0]},"_coverageSchema":"1a1c01bbd47fc00a2c39e90264f33305004495a9","hash":"a3dcea002f5fbed9f6bac2df8cc30172582b51a7"}
,"C:\\Damian\\02- UP\\LIC\\02- Semestres\\02\\DevOps\\03- Evaluaciones\\DevOps---TPE\\utils.js": {"path":"C:\\Damian\\02- UP\\LIC\\02- Semestres\\02\\DevOps\\03- Evaluaciones\\DevOps---TPE\\utils.js","statementMap":{"0":{"start":{"line":1,"column":21},"end":{"line":10,"column":1}},"1":{"start":{"line":2,"column":17},"end":{"line":2,"column":19}},"2":{"start":{"line":3,"column":2},"end":{"line":4,"column":52}},"3":{"start":{"line":4,"column":4},"end":{"line":4,"column":52}},"4":{"start":{"line":5,"column":2},"end":{"line":6,"column":44}},"5":{"start":{"line":6,"column":4},"end":{"line":6,"column":44}},"6":{"start":{"line":7,"column":2},"end":{"line":8,"column":49}},"7":{"start":{"line":8,"column":4},"end":{"line":8,"column":49}},"8":{"start":{"line":9,"column":2},"end":{"line":9,"column":16}},"9":{"start":{"line":12,"column":24},"end":{"line":21,"column":1}},"10":{"start":{"line":13,"column":17},"end":{"line":13,"column":19}},"11":{"start":{"line":14,"column":2},"end":{"line":15,"column":49}},"12":{"start":{"line":15,"column":4},"end":{"line":15,"column":49}},"13":{"start":{"line":16,"column":2},"end":{"line":17,"column":41}},"14":{"start":{"line":17,"column":4},"end":{"line":17,"column":41}},"15":{"start":{"line":18,"column":2},"end":{"line":19,"column":46}},"16":{"start":{"line":19,"column":4},"end":{"line":19,"column":46}},"17":{"start":{"line":20,"column":2},"end":{"line":20,"column":16}},"18":{"start":{"line":22,"column":0},"end":{"line":22,"column":51}}},"fnMap":{"0":{"name":"(anonymous_0)","decl":{"start":{"line":1,"column":21},"end":{"line":1,"column":22}},"loc":{"start":{"line":1,"column":31},"end":{"line":10,"column":1}},"line":1},"1":{"name":"(anonymous_1)","decl":{"start":{"line":12,"column":24},"end":{"line":12,"column":25}},"loc":{"start":{"line":12,"column":34},"end":{"line":21,"column":1}},"line":12}},"branchMap":{"0":{"loc":{"start":{"line":3,"column":2},"end":{"line":4,"column":52}},"type":"if","locations":[{"start":{"line":3,"column":2},"end":{"line":4,"column":52}},{"start":{},"end":{}}],"line":3},"1":{"loc":{"start":{"line":3,"column":6},"end":{"line":3,"column":56}},"type":"binary-expr","locations":[{"start":{"line":3,"column":6},"end":{"line":3,"column":35}},{"start":{"line":3,"column":39},"end":{"line":3,"column":56}}],"line":3},"2":{"loc":{"start":{"line":5,"column":2},"end":{"line":6,"column":44}},"type":"if","locations":[{"start":{"line":5,"column":2},"end":{"line":6,"column":44}},{"start":{},"end":{}}],"line":5},"3":{"loc":{"start":{"line":5,"column":6},"end":{"line":5,"column":64}},"type":"binary-expr","locations":[{"start":{"line":5,"column":6},"end":{"line":5,"column":36}},{"start":{"line":5,"column":40},"end":{"line":5,"column":64}}],"line":5},"4":{"loc":{"start":{"line":7,"column":2},"end":{"line":8,"column":49}},"type":"if","locations":[{"start":{"line":7,"column":2},"end":{"line":8,"column":49}},{"start":{},"end":{}}],"line":7},"5":{"loc":{"start":{"line":7,"column":6},"end":{"line":7,"column":53}},"type":"binary-expr","locations":[{"start":{"line":7,"column":6},"end":{"line":7,"column":35}},{"start":{"line":7,"column":39},"end":{"line":7,"column":53}}],"line":7},"6":{"loc":{"start":{"line":14,"column":2},"end":{"line":15,"column":49}},"type":"if","locations":[{"start":{"line":14,"column":2},"end":{"line":15,"column":49}},{"start":{},"end":{}}],"line":14},"7":{"loc":{"start":{"line":14,"column":6},"end":{"line":14,"column":76}},"type":"binary-expr","locations":[{"start":{"line":14,"column":6},"end":{"line":14,"column":20}},{"start":{"line":14,"column":25},"end":{"line":14,"column":54}},{"start":{"line":14,"column":58},"end":{"line":14,"column":75}}],"line":14},"8":{"loc":{"start":{"line":16,"column":2},"end":{"line":17,"column":41}},"type":"if","locations":[{"start":{"line":16,"column":2},"end":{"line":17,"column":41}},{"start":{},"end":{}}],"line":16},"9":{"loc":{"start":{"line":16,"column":6},"end":{"line":16,"column":85}},"type":"binary-expr","locations":[{"start":{"line":16,"column":6},"end":{"line":16,"column":21}},{"start":{"line":16,"column":26},"end":{"line":16,"column":56}},{"start":{"line":16,"column":60},"end":{"line":16,"column":84}}],"line":16},"10":{"loc":{"start":{"line":18,"column":2},"end":{"line":19,"column":46}},"type":"if","locations":[{"start":{"line":18,"column":2},"end":{"line":19,"column":46}},{"start":{},"end":{}}],"line":18},"11":{"loc":{"start":{"line":18,"column":6},"end":{"line":18,"column":74}},"type":"binary-expr","locations":[{"start":{"line":18,"column":6},"end":{"line":18,"column":21}},{"start":{"line":18,"column":26},"end":{"line":18,"column":55}},{"start":{"line":18,"column":59},"end":{"line":18,"column":73}}],"line":18}},"s":{"0":4,"1":6,"2":6,"3":2,"4":6,"5":2,"6":6,"7":2,"8":6,"9":4,"10":3,"11":3,"12":1,"13":3,"14":1,"15":3,"16":1,"17":3,"18":4},"f":{"0":6,"1":3},"b":{"0":[2,4],"1":[6,6],"2":[2,4],"3":[6,6],"4":[2,4],"5":[6,6],"6":[1,2],"7":[3,1,1],"8":[1,2],"9":[3,1,1],"10":[1,2],"11":[3,1,1]},"_coverageSchema":"1a1c01bbd47fc00a2c39e90264f33305004495a9","hash":"8d781b89c1c4700287c1e309f70cb1a4162b7a67"}
}
