TN:
SF:app.js
FN:17,getDbFile
FN:23,initDatabase
FN:50,(anonymous_2)
FN:55,(anonymous_3)
FN:66,(anonymous_4)
FN:73,(anonymous_5)
FNF:6
FNH:2
FNDA:8,getDbFile
FNDA:7,initDatabase
FNDA:0,(anonymous_2)
FNDA:0,(anonymous_3)
FNDA:0,(anonymous_4)
FNDA:0,(anonymous_5)
DA:1,2
DA:2,2
DA:3,2
DA:4,2
DA:5,2
DA:7,2
DA:8,2
DA:9,2
DA:11,2
DA:12,2
DA:18,8
DA:24,7
DA:26,7
DA:27,1
DA:28,1
DA:31,7
DA:33,7
DA:34,7
DA:43,7
DA:47,2
DA:50,2
DA:51,0
DA:52,0
DA:55,2
DA:56,0
DA:57,0
DA:59,0
DA:62,0
DA:63,0
DA:66,2
DA:67,0
DA:68,0
DA:69,0
DA:70,0
DA:73,2
DA:74,0
DA:75,0
DA:78,2
LF:38
LH:25
BRDA:11,0,0,2
BRDA:11,0,1,2
BRDA:12,1,0,2
BRDA:12,1,1,0
BRDA:14,2,0,0
BRDA:14,2,1,0
BRDA:17,3,0,0
BRDA:18,4,0,6
BRDA:18,4,1,2
BRDA:20,5,0,2
BRDA:20,5,1,2
BRDA:23,6,0,0
BRDA:26,7,0,1
BRDA:26,7,1,6
BRDA:28,8,0,1
BRDA:28,8,1,0
BRDA:57,9,0,0
BRDA:57,9,1,0
BRDA:68,10,0,0
BRDA:68,10,1,0
BRF:20
BRH:10
end_of_record
TN:
SF:utils.js
FN:1,(anonymous_0)
FN:12,(anonymous_1)
FNF:2
FNH:2
FNDA:6,(anonymous_0)
FNDA:3,(anonymous_1)
DA:1,4
DA:2,6
DA:3,6
DA:4,2
DA:5,6
DA:6,2
DA:7,6
DA:8,2
DA:9,6
DA:12,4
DA:13,3
DA:14,3
DA:15,1
DA:16,3
DA:17,1
DA:18,3
DA:19,1
DA:20,3
DA:22,4
LF:19
LH:19
BRDA:3,0,0,2
BRDA:3,0,1,4
BRDA:3,1,0,6
BRDA:3,1,1,6
BRDA:5,2,0,2
BRDA:5,2,1,4
BRDA:5,3,0,6
BRDA:5,3,1,6
BRDA:7,4,0,2
BRDA:7,4,1,4
BRDA:7,5,0,6
BRDA:7,5,1,6
BRDA:14,6,0,1
BRDA:14,6,1,2
BRDA:14,7,0,3
BRDA:14,7,1,1
BRDA:14,7,2,1
BRDA:16,8,0,1
BRDA:16,8,1,2
BRDA:16,9,0,3
BRDA:16,9,1,1
BRDA:16,9,2,1
BRDA:18,10,0,1
BRDA:18,10,1,2
BRDA:18,11,0,3
BRDA:18,11,1,1
BRDA:18,11,2,1
BRF:27
BRH:27
end_of_record
